#
# A fatal error has been detected by the Java Runtime Environment:
#
#  EXCEPTION_STACK_OVERFLOW (0xc00000fd) at pc=0x00007ffd4840c693, pid=11188, tid=12108
#
# JRE version: Java(TM) SE Runtime Environment (21.0.6+8) (build 21.0.6+8-LTS-188)
# Java VM: Java HotSpot(TM) 64-Bit Server VM (21.0.6+8-LTS-188, mixed mode, sharing, tiered, compressed oops, compressed class ptrs, g1 gc, windows-amd64)
# Problematic frame:
# V  [jvm.dll+0x3dc693]
#
# No core dump will be written. Minidumps are not enabled by default on client versions of Windows
#
# If you would like to submit a bug report, please visit:
#   https://bugreport.java.com/bugreport/crash.jsp
#

---------------  S U M M A R Y ------------

Command Line: -javaagent:D:\IntelliJ\IntelliJ IDEA Community Edition 2024.3.5\lib\idea_rt.jar=52470 -Dfile.encoding=UTF-8 -Dsun.stdout.encoding=UTF-8 -Dsun.stderr.encoding=UTF-8 sarwadnya.mutkule.CoinSense.CoinSenseApplication

Host: Intel(R) Core(TM) i5-7200U CPU @ 2.50GHz, 4 cores, 11G,  Windows 10 , 64 bit Build 18362 (10.0.18362.1500)
Time: Sun Apr 20 04:28:32 2025 India Standard Time elapsed time: 31985.695487 seconds (0d 8h 53m 5s)

---------------  T H R E A D  ---------------

Current thread (0x000001b7e0725d10):  JavaThread "HikariPool-1 connection closer" daemon [_thread_in_vm, id=12108, stack(0x000000a50cf00000,0x000000a50d000000) (1024K)]

Stack: [0x000000a50cf00000,0x000000a50d000000],  sp=0x000000a50cfffa20,  free space=1022k
Native frames: (J=compiled Java code, j=interpreted, Vv=VM code, C=native code)
V  [jvm.dll+0x3dc693]
V  [jvm.dll+0x6ca5f2]
V  [jvm.dll+0x3dd31b]
V  [jvm.dll+0x3dd5a7]
V  [jvm.dll+0x471cd5]
V  [jvm.dll+0x3ee576]
V  [jvm.dll+0x7ff2fb]
V  [jvm.dll+0x6c8dbd]
C  [ucrtbase.dll+0x210b2]
C  [KERNEL32.DLL+0x17c24]
C  [ntdll.dll+0x6d721]


siginfo: EXCEPTION_STACK_OVERFLOW (0xc00000fd), ExceptionInformation=0x0000000000000001 0x000000a50cff7a20 


Registers:
RAX=0x0000000000000001, RBX=0x000001b7e0725d10, RCX=0x0000000000001000, RDX=0x0000000000000000
RSP=0x000000a50cfffa20, RBP=0x000000a50cfffae9, RSI=0x000000a50cfffc80, RDI=0x000000a50cff7a20
R8 =0x000000a50cfffa20, R9 =0x0000000000000187, R10=0x0000000000000000, R11=0x000000a50cfffd50
R12=0x000000a50cfffbb0, R13=0x000000000000000a, R14=0x000001b7e2600e80, R15=0x000000a50cfffd50
RIP=0x00007ffd4840c693, EFLAGS=0x0000000000010202


Register to memory mapping:

RAX=0x0000000000000001 is an unknown value
RBX=0x000001b7e0725d10 is a thread
RCX=0x0000000000001000 is an unknown value
RDX=0x0 is null
RSP=0x000000a50cfffa20 is pointing into the stack for thread: 0x000001b7e0725d10
RBP=0x000000a50cfffae9 is pointing into the stack for thread: 0x000001b7e0725d10
RSI=0x000000a50cfffc80 is pointing into the stack for thread: 0x000001b7e0725d10
RDI=0x000000a50cff7a20 is pointing into the stack for thread: 0x000001b7e0725d10
R8 =0x000000a50cfffa20 is pointing into the stack for thread: 0x000001b7e0725d10
R9 =0x0000000000000187 is an unknown value
R10=0x0 is null
R11=0x000000a50cfffd50 is pointing into the stack for thread: 0x000001b7e0725d10
R12=0x000000a50cfffbb0 is pointing into the stack for thread: 0x000001b7e0725d10
R13=0x000000000000000a is an unknown value
R14=0x000001b7e2600e80 points into unknown readable memory: 0x000000074a31d8e8 | e8 d8 31 4a 07 00 00 00
R15=0x000000a50cfffd50 is pointing into the stack for thread: 0x000001b7e0725d10

Top of Stack: (sp=0x000000a50cfffa20)
0x000000a50cfffa20:   000001b7e0725d10 000000a50cfffc80
0x000000a50cfffa30:   000000a50cfffad8 00007ffd48272855
0x000000a50cfffa40:   000000a50cfffa30 00007ffd9d39a4b8
0x000000a50cfffa50:   000001b7f9da1b20 000000a50cfffac0
0x000000a50cfffa60:   000000a50cfffb60 00007ffd483cdf82
0x000000a50cfffa70:   000000863d92a023 0000000000000000
0x000000a50cfffa80:   0000ce1b969f2112 00007ffd48455225
0x000000a50cfffa90:   0000000000000008 00007ffd486054d4
0x000000a50cfffaa0:   000001b7e0725d10 000001b7e0725d10
0x000000a50cfffab0:   000000a50cfffb60 00007ffd48c56970
0x000000a50cfffac0:   0000000000000000 00007ffda001b91f
0x000000a50cfffad0:   000001b79a017348 000001b79a017348
0x000000a50cfffae0:   000001b7e0725d10 000001b79a017348
0x000000a50cfffaf0:   000001b7e0725d10 000001b7e0725d10
0x000000a50cfffb00:   000000a50cfffc00 0000000000000000
0x000000a50cfffb10:   0000000000000000 000001b7e3460198
0x000000a50cfffb20:   0000000000000000 0000000000000000
0x000000a50cfffb30:   000000a50cfffc80 000000a50cfffd50
0x000000a50cfffb40:   000000a50cfffbf9 00007ffd486fa5f2
0x000000a50cfffb50:   00007ffd4840c470 00007ffda001b434
0x000000a50cfffb60:   000001b79a017300 000001b78f8fba40
0x000000a50cfffb70:   000001b7e0725d10 00007ffd4840d31b
0x000000a50cfffb80:   000001b7e0725d10 000001b7e0725d10
0x000000a50cfffb90:   000000a50cfffd50 000000a50cfffc80
0x000000a50cfffba0:   000001b7e0725d10 000001b79a017348
0x000000a50cfffbb0:   000001b79a017348 000001b7e0725d10
0x000000a50cfffbc0:   000001b79a483cd8 000001b79a486678
0x000000a50cfffbd0:   000001b79a016e88 0000000000000000
0x000000a50cfffbe0:   0000000000000000 0000000000000000
0x000000a50cfffbf0:   0000000000000000 00007ffd9d5eecdd
0x000000a50cfffc00:   000001b79a016e88 000001b79a017348
0x000000a50cfffc10:   000001b7e0725d10 000001b79a017348 

Instructions: (pc=0x00007ffd4840c693)
0x00007ffd4840c593:   8b 04 24 48 8b 40 38 48 89 45 7f 41 8b 17 8d 42
0x00007ffd4840c5a3:   fc 83 f8 0a 0f 87 c6 04 00 00 4c 8d 05 4c 3a c2
0x00007ffd4840c5b3:   ff 48 98 41 8b 8c 80 30 cb 3d 00 49 03 c8 ff e1
0x00007ffd4840c5c3:   41 bd 0a 00 00 00 83 fa 0c 74 2f 83 fa 0d 74 2a
0x00007ffd4840c5d3:   44 88 75 77 eb 28 41 bd 0b 00 00 00 44 88 75 77
0x00007ffd4840c5e3:   eb 1c 41 bd 06 00 00 00 44 88 75 77 eb 10 41 bd
0x00007ffd4840c5f3:   07 00 00 00 44 88 75 77 eb 04 c6 45 77 01 49 8b
0x00007ffd4840c603:   04 24 8b 48 28 c1 e9 03 f6 c1 01 75 07 48 8b 46
0x00007ffd4840c613:   58 4c 8b 30 48 8d 8b c0 04 00 00 e8 cd 4c 37 00
0x00007ffd4840c623:   e8 c8 db 2e 00 4c 8b c0 49 8b d4 48 8b cb 48 8b
0x00007ffd4840c633:   f8 e8 67 23 2e 00 84 c0 75 33 4d 8b cc 48 8d 15
0x00007ffd4840c643:   31 88 60 00 41 b8 82 01 00 00 48 8b cb e8 fb 8f
0x00007ffd4840c653:   f2 ff 48 8b 9c 24 30 01 00 00 48 81 c4 f0 00 00
0x00007ffd4840c663:   00 41 5f 41 5e 41 5d 41 5c 5f 5e 5d c3 48 8b 0d
0x00007ffd4840c673:   e9 27 86 00 33 d2 48 8b 05 d8 74 86 00 48 f7 f1
0x00007ffd4840c683:   48 83 f8 01 72 13 0f 1f 80 00 00 00 00 48 2b f9
0x00007ffd4840c693:   c6 07 00 48 83 e8 01 75 f4 33 c0 48 8b cb 48 89
0x00007ffd4840c6a3:   45 97 48 89 45 a7 48 89 45 9f 48 8b 03 ff 50 38
0x00007ffd4840c6b3:   84 c0 0f 84 34 04 00 00 48 8b 03 48 8b cb ff 90
0x00007ffd4840c6c3:   90 00 00 00 84 c0 0f 84 40 04 00 00 33 d2 4c 89
0x00007ffd4840c6d3:   7d af 48 8b cb e8 93 f0 08 00 48 8b cb 48 8b f8
0x00007ffd4840c6e3:   e8 08 83 f2 ff 48 8b 8b 48 04 00 00 f6 c1 01 74
0x00007ffd4840c6f3:   0f 41 b0 01 48 8b cb 41 0f b6 d0 e8 ed ec 34 00
0x00007ffd4840c703:   8b 83 40 04 00 00 a8 0c 74 08 48 8b cb e8 1b fe
0x00007ffd4840c713:   00 00 c7 83 44 04 00 00 08 00 00 00 45 33 d2 49
0x00007ffd4840c723:   8b 04 24 48 89 45 87 4d 85 f6 75 06 4c 89 55 8f
0x00007ffd4840c733:   eb 07 49 8b 06 48 89 45 8f 48 89 5c 24 40 48 8b
0x00007ffd4840c743:   83 28 04 00 00 48 89 44 24 48 48 8b 8b 98 03 00
0x00007ffd4840c753:   00 48 8b 45 97 48 3b c1 74 04 4c 89 55 97 48 8b
0x00007ffd4840c763:   83 a8 03 00 00 48 89 45 a7 48 8b 83 a0 03 00 00
0x00007ffd4840c773:   48 89 45 9f 48 8b 83 98 03 00 00 48 89 45 97 4c
0x00007ffd4840c783:   89 93 98 03 00 00 4c 89 93 a8 03 00 00 4c 89 93 


Stack slot to memory mapping:

stack at sp + 0 slots: 0x000001b7e0725d10 is a thread
stack at sp + 1 slots: 0x000000a50cfffc80 is pointing into the stack for thread: 0x000001b7e0725d10
stack at sp + 2 slots: 0x000000a50cfffad8 is pointing into the stack for thread: 0x000001b7e0725d10
stack at sp + 3 slots: 0x00007ffd48272855 jvm.dll
stack at sp + 4 slots: 0x000000a50cfffa30 is pointing into the stack for thread: 0x000001b7e0725d10
stack at sp + 5 slots: 0x00007ffd9d39a4b8 ucrtbase.dll
stack at sp + 6 slots: 0x000001b7f9da1b20 points into unknown readable memory: 0x00007ffd48a48be0 | e0 8b a4 48 fd 7f 00 00
stack at sp + 7 slots: 0x000000a50cfffac0 is pointing into the stack for thread: 0x000001b7e0725d10


---------------  P R O C E S S  ---------------

Threads class SMR info:
_java_thread_list=0x000001b7e112ce00, length=42, elements={
0x000001b7fff4fba0, 0x000001b7fff51c70, 0x000001b7fff56b30, 0x000001b7fff59690,
0x000001b7fff5c490, 0x000001b7fff5a0e0, 0x000001b7fff5e2b0, 0x000001b7fff61500,
0x000001b7fff26b50, 0x000001b7df06bc90, 0x000001b7997ab2b0, 0x000001b7e0726a30,
0x000001b7e07270c0, 0x000001b7e0727750, 0x000001b7e0729190, 0x000001b7e0728470,
0x000001b7e0727de0, 0x000001b7e15d7970, 0x000001b7e15d6c50, 0x000001b7e15d8000,
0x000001b7e15d8d20, 0x000001b7e15d58a0, 0x000001b7e15d5f30, 0x000001b7e15d65c0,
0x000001b7e15d72e0, 0x000001b7996e6130, 0x000001b7996e74e0, 0x000001b7996e4d80,
0x000001b7996e5410, 0x000001b7996e8f20, 0x000001b7996e5aa0, 0x000001b7996e7b70,
0x000001b7996e67c0, 0x000001b7996e8890, 0x000001b7996e8200, 0x000001b7996e6e50,
0x000001b7996e95b0, 0x000001b7996e9c40, 0x000001b7996ea2d0, 0x000001b7996ea960,
0x000001b7996eaff0, 0x000001b7e0725d10
}

Java Threads: ( => current thread )
  0x000001b7fff4fba0 JavaThread "Reference Handler"          daemon [_thread_blocked, id=8668, stack(0x000000a50da00000,0x000000a50db00000) (1024K)]
  0x000001b7fff51c70 JavaThread "Finalizer"                  daemon [_thread_blocked, id=7024, stack(0x000000a50db00000,0x000000a50dc00000) (1024K)]
  0x000001b7fff56b30 JavaThread "Signal Dispatcher"          daemon [_thread_blocked, id=2456, stack(0x000000a50dc00000,0x000000a50dd00000) (1024K)]
  0x000001b7fff59690 JavaThread "Attach Listener"            daemon [_thread_blocked, id=10664, stack(0x000000a50dd00000,0x000000a50de00000) (1024K)]
  0x000001b7fff5c490 JavaThread "Service Thread"             daemon [_thread_blocked, id=12776, stack(0x000000a50de00000,0x000000a50df00000) (1024K)]
  0x000001b7fff5a0e0 JavaThread "Monitor Deflation Thread"   daemon [_thread_blocked, id=9160, stack(0x000000a50df00000,0x000000a50e000000) (1024K)]
  0x000001b7fff5e2b0 JavaThread "C2 CompilerThread0"         daemon [_thread_blocked, id=4412, stack(0x000000a50e000000,0x000000a50e100000) (1024K)]
  0x000001b7fff61500 JavaThread "C1 CompilerThread0"         daemon [_thread_blocked, id=6500, stack(0x000000a50e100000,0x000000a50e200000) (1024K)]
  0x000001b7fff26b50 JavaThread "Common-Cleaner"             daemon [_thread_blocked, id=6844, stack(0x000000a50e200000,0x000000a50e300000) (1024K)]
  0x000001b7df06bc90 JavaThread "Monitor Ctrl-Break"         daemon [_thread_in_native, id=6592, stack(0x000000a50e300000,0x000000a50e400000) (1024K)]
  0x000001b7997ab2b0 JavaThread "Notification Thread"        daemon [_thread_blocked, id=3484, stack(0x000000a50e400000,0x000000a50e500000) (1024K)]
  0x000001b7e0726a30 JavaThread "Catalina-utility-1"                [_thread_blocked, id=12400, stack(0x000000a50ea00000,0x000000a50eb00000) (1024K)]
  0x000001b7e07270c0 JavaThread "Catalina-utility-2"                [_thread_blocked, id=1808, stack(0x000000a50eb00000,0x000000a50ec00000) (1024K)]
  0x000001b7e0727750 JavaThread "container-0"                       [_thread_blocked, id=3372, stack(0x000000a50ec00000,0x000000a50ed00000) (1024K)]
  0x000001b7e0729190 JavaThread "HikariPool-1 housekeeper"   daemon [_thread_blocked, id=14320, stack(0x000000a50ed00000,0x000000a50ee00000) (1024K)]
  0x000001b7e0728470 JavaThread "Jndi-Dns-address-change-listener" daemon [_thread_in_native, id=2240, stack(0x000000a50ef00000,0x000000a50f000000) (1024K)]
  0x000001b7e0727de0 JavaThread "BufferPoolPruner-1-thread-1" daemon [_thread_blocked, id=13520, stack(0x000000a50ee00000,0x000000a50ef00000) (1024K)]
  0x000001b7e15d7970 JavaThread "cluster-ClusterId{value='6803adbc34ddc80f4400483e', description='Cluster0'}-cluster0-shard-00-00.oiqrn.mongodb.net:27017" daemon [_thread_in_native, id=8736, stack(0x000000a50f100000,0x000000a50f200000) (1024K)]
  0x000001b7e15d6c50 JavaThread "cluster-ClusterId{value='6803adbc34ddc80f4400483e', description='Cluster0'}-cluster0-shard-00-01.oiqrn.mongodb.net:27017" daemon [_thread_in_native, id=11796, stack(0x000000a50f200000,0x000000a50f300000) (1024K)]
  0x000001b7e15d8000 JavaThread "cluster-ClusterId{value='6803adbc34ddc80f4400483e', description='Cluster0'}-cluster0-shard-00-02.oiqrn.mongodb.net:27017" daemon [_thread_in_native, id=4304, stack(0x000000a50f300000,0x000000a50f400000) (1024K)]
  0x000001b7e15d8d20 JavaThread "Live Reload Server"         daemon [_thread_in_native, id=11400, stack(0x000000a50f500000,0x000000a50f600000) (1024K)]
  0x000001b7e15d58a0 JavaThread "cluster-rtt-ClusterId{value='6803adbc34ddc80f4400483e', description='Cluster0'}-cluster0-shard-00-02.oiqrn.mongodb.net:27017" daemon [_thread_blocked, id=2176, stack(0x000000a50f600000,0x000000a50f700000) (1024K)]
  0x000001b7e15d5f30 JavaThread "cluster-rtt-ClusterId{value='6803adbc34ddc80f4400483e', description='Cluster0'}-cluster0-shard-00-01.oiqrn.mongodb.net:27017" daemon [_thread_blocked, id=12848, stack(0x000000a50f700000,0x000000a50f800000) (1024K)]
  0x000001b7e15d65c0 JavaThread "cluster-rtt-ClusterId{value='6803adbc34ddc80f4400483e', description='Cluster0'}-cluster0-shard-00-00.oiqrn.mongodb.net:27017" daemon [_thread_blocked, id=8700, stack(0x000000a50f800000,0x000000a50f900000) (1024K)]
  0x000001b7e15d72e0 JavaThread "MaintenanceTimer-4-thread-1" daemon [_thread_blocked, id=8788, stack(0x000000a50f900000,0x000000a50fa00000) (1024K)]
  0x000001b7996e6130 JavaThread "MaintenanceTimer-3-thread-1" daemon [_thread_blocked, id=3020, stack(0x000000a50fa00000,0x000000a50fb00000) (1024K)]
  0x000001b7996e74e0 JavaThread "MaintenanceTimer-2-thread-1" daemon [_thread_blocked, id=7036, stack(0x000000a50fb00000,0x000000a50fc00000) (1024K)]
  0x000001b7996e4d80 JavaThread "File Watcher"               daemon [_thread_blocked, id=13676, stack(0x000000a50fc00000,0x000000a50fd00000) (1024K)]
  0x000001b7996e5410 JavaThread "http-nio-8080-exec-1"       daemon [_thread_blocked, id=10692, stack(0x000000a50fd00000,0x000000a50fe00000) (1024K)]
  0x000001b7996e8f20 JavaThread "http-nio-8080-exec-2"       daemon [_thread_blocked, id=3544, stack(0x000000a50fe00000,0x000000a50ff00000) (1024K)]
  0x000001b7996e5aa0 JavaThread "http-nio-8080-exec-3"       daemon [_thread_blocked, id=5704, stack(0x000000a50ff00000,0x000000a510000000) (1024K)]
  0x000001b7996e7b70 JavaThread "http-nio-8080-exec-4"       daemon [_thread_blocked, id=6620, stack(0x000000a510000000,0x000000a510100000) (1024K)]
  0x000001b7996e67c0 JavaThread "http-nio-8080-exec-5"       daemon [_thread_blocked, id=11692, stack(0x000000a510100000,0x000000a510200000) (1024K)]
  0x000001b7996e8890 JavaThread "http-nio-8080-exec-6"       daemon [_thread_blocked, id=616, stack(0x000000a510200000,0x000000a510300000) (1024K)]
  0x000001b7996e8200 JavaThread "http-nio-8080-exec-7"       daemon [_thread_blocked, id=6972, stack(0x000000a510300000,0x000000a510400000) (1024K)]
  0x000001b7996e6e50 JavaThread "http-nio-8080-exec-8"       daemon [_thread_blocked, id=10884, stack(0x000000a510400000,0x000000a510500000) (1024K)]
  0x000001b7996e95b0 JavaThread "http-nio-8080-exec-9"       daemon [_thread_blocked, id=1556, stack(0x000000a510500000,0x000000a510600000) (1024K)]
  0x000001b7996e9c40 JavaThread "http-nio-8080-exec-10"      daemon [_thread_blocked, id=7348, stack(0x000000a510600000,0x000000a510700000) (1024K)]
  0x000001b7996ea2d0 JavaThread "http-nio-8080-Poller"       daemon [_thread_in_native, id=2304, stack(0x000000a510700000,0x000000a510800000) (1024K)]
  0x000001b7996ea960 JavaThread "http-nio-8080-Acceptor"     daemon [_thread_in_native, id=8148, stack(0x000000a510800000,0x000000a510900000) (1024K)]
  0x000001b7996eaff0 JavaThread "DestroyJavaVM"                     [_thread_blocked, id=6284, stack(0x000000a50d200000,0x000000a50d300000) (1024K)]
=>0x000001b7e0725d10 JavaThread "HikariPool-1 connection closer" daemon [_thread_in_vm, id=12108, stack(0x000000a50cf00000,0x000000a50d000000) (1024K)]
Total: 42

Other Threads:
  0x000001b7fff362c0 VMThread "VM Thread"                           [id=8960, stack(0x000000a50d900000,0x000000a50da00000) (1024K)]
  0x000001b7fff25670 WatcherThread "VM Periodic Task Thread"        [id=7368, stack(0x000000a50d800000,0x000000a50d900000) (1024K)]
  0x000001b7fbeb5570 WorkerThread "GC Thread#0"                     [id=7276, stack(0x000000a50d300000,0x000000a50d400000) (1024K)]
  0x000001b7df28cb10 WorkerThread "GC Thread#1"                     [id=10436, stack(0x000000a50e500000,0x000000a50e600000) (1024K)]
  0x000001b7df28ceb0 WorkerThread "GC Thread#2"                     [id=11060, stack(0x000000a50e600000,0x000000a50e700000) (1024K)]
  0x000001b7df28d250 WorkerThread "GC Thread#3"                     [id=4028, stack(0x000000a50e700000,0x000000a50e800000) (1024K)]
  0x000001b7fbec3520 ConcurrentGCThread "G1 Main Marker"            [id=13608, stack(0x000000a50d400000,0x000000a50d500000) (1024K)]
  0x000001b7fbec4020 WorkerThread "G1 Conc#0"                       [id=13308, stack(0x000000a50d500000,0x000000a50d600000) (1024K)]
  0x000001b7ffdf74d0 ConcurrentGCThread "G1 Refine#0"               [id=3608, stack(0x000000a50d600000,0x000000a50d700000) (1024K)]
  0x000001b7ffdf7ee0 ConcurrentGCThread "G1 Service"                [id=3912, stack(0x000000a50d700000,0x000000a50d800000) (1024K)]
Total: 10

Threads with active compile tasks:
Total: 0

VM state: not at safepoint (normal execution)

VM Mutex/Monitor currently owned by a thread: None

OutOfMemory and StackOverflow Exception counts:
OutOfMemoryError java_heap_errors=5
LinkageErrors=153

Heap address: 0x0000000741e00000, size: 3042 MB, Compressed Oops mode: Zero based, Oop shift amount: 3

CDS archive(s) mapped at: [0x000001b79a000000-0x000001b79ac90000-0x000001b79ac90000), size 13172736, SharedBaseAddress: 0x000001b79a000000, ArchiveRelocationMode: 1.
Compressed class space mapped at: 0x000001b79b000000-0x000001b7db000000, reserved size: 1073741824
Narrow klass base: 0x000001b79a000000, Narrow klass shift: 0, Narrow klass range: 0x100000000

GC Precious Log:
 CardTable entry size: 512
 Card Set container configuration: InlinePtr #cards 4 size 8 Array Of Cards #cards 16 size 48 Howl #buckets 8 coarsen threshold 3686 Howl Bitmap #cards 512 size 80 coarsen threshold 460 Card regions per heap region 1 cards per card region 4096
 CPUs: 4 total, 4 available
 Memory: 12162M
 Large Page Support: Disabled
 NUMA Support: Disabled
 Compressed Oops: Enabled (Zero based)
 Heap Region Size: 2M
 Heap Min Capacity: 8M
 Heap Initial Capacity: 192M
 Heap Max Capacity: 3042M
 Pre-touch: Disabled
 Parallel Workers: 4
 Concurrent Workers: 1
 Concurrent Refinement Workers: 4
 Periodic GC: Disabled

Heap:
 garbage-first heap   total 63488K, used 34737K [0x0000000741e00000, 0x0000000800000000)
  region size 2048K, 6 young (12288K), 1 survivors (2048K)
 Metaspace       used 75756K, committed 76736K, reserved 1179648K
  class space    used 9909K, committed 10368K, reserved 1048576K

Heap Regions: E=young(eden), S=young(survivor), O=old, HS=humongous(starts), HC=humongous(continues), CS=collection set, F=free, TAMS=top-at-mark-start, PB=parsable bottom
|   0|0x0000000741e00000, 0x0000000742000000, 0x0000000742000000|100%| O|  |TAMS 0x0000000741e00000| PB 0x0000000741e00000| Untracked 
|   1|0x0000000742000000, 0x0000000742200000, 0x0000000742200000|100%| O|  |TAMS 0x0000000742000000| PB 0x0000000742000000| Untracked 
|   2|0x0000000742200000, 0x0000000742400000, 0x0000000742400000|100%| O|  |TAMS 0x0000000742200000| PB 0x0000000742200000| Untracked 
|   3|0x0000000742400000, 0x0000000742600000, 0x0000000742600000|100%| O|  |TAMS 0x0000000742400000| PB 0x0000000742400000| Untracked 
|   4|0x0000000742600000, 0x0000000742800000, 0x0000000742800000|100%| O|  |TAMS 0x0000000742600000| PB 0x0000000742600000| Untracked 
|   5|0x0000000742800000, 0x00000007429e1288, 0x0000000742a00000| 93%| O|  |TAMS 0x0000000742800000| PB 0x0000000742800000| Untracked 
|   6|0x0000000742a00000, 0x0000000742c00000, 0x0000000742c00000|100%| O|  |TAMS 0x0000000742a00000| PB 0x0000000742a00000| Untracked 
|   7|0x0000000742c00000, 0x0000000742e00000, 0x0000000742e00000|100%| O|  |TAMS 0x0000000742c00000| PB 0x0000000742c00000| Untracked 
|   8|0x0000000742e00000, 0x0000000743000000, 0x0000000743000000|100%| O|  |TAMS 0x0000000742e00000| PB 0x0000000742e00000| Untracked 
|   9|0x0000000743000000, 0x0000000743200000, 0x0000000743200000|100%| O|  |TAMS 0x0000000743000000| PB 0x0000000743000000| Untracked 
|  10|0x0000000743200000, 0x0000000743200000, 0x0000000743400000|  0%| F|  |TAMS 0x0000000743200000| PB 0x0000000743200000| Untracked 
|  11|0x0000000743400000, 0x0000000743400000, 0x0000000743600000|  0%| F|  |TAMS 0x0000000743400000| PB 0x0000000743400000| Untracked 
|  12|0x0000000743600000, 0x0000000743800000, 0x0000000743800000|100%| O|  |TAMS 0x0000000743600000| PB 0x0000000743600000| Untracked 
|  13|0x0000000743800000, 0x0000000743a00000, 0x0000000743a00000|100%| O|  |TAMS 0x0000000743800000| PB 0x0000000743800000| Untracked 
|  14|0x0000000743a00000, 0x0000000743c00000, 0x0000000743c00000|100%| O|  |TAMS 0x0000000743a00000| PB 0x0000000743a00000| Untracked 
|  15|0x0000000743c00000, 0x0000000743c00000, 0x0000000743e00000|  0%| F|  |TAMS 0x0000000743c00000| PB 0x0000000743c00000| Untracked 
|  16|0x0000000743e00000, 0x0000000743e0b3c8, 0x0000000744000000|  2%| S|CS|TAMS 0x0000000743e00000| PB 0x0000000743e00000| Complete 
|  17|0x0000000744000000, 0x0000000744000000, 0x0000000744200000|  0%| F|  |TAMS 0x0000000744000000| PB 0x0000000744000000| Untracked 
|  18|0x0000000744200000, 0x0000000744200000, 0x0000000744400000|  0%| F|  |TAMS 0x0000000744200000| PB 0x0000000744200000| Untracked 
|  19|0x0000000744400000, 0x0000000744400000, 0x0000000744600000|  0%| F|  |TAMS 0x0000000744400000| PB 0x0000000744400000| Untracked 
|  20|0x0000000744600000, 0x0000000744600000, 0x0000000744800000|  0%| F|  |TAMS 0x0000000744600000| PB 0x0000000744600000| Untracked 
|  21|0x0000000744800000, 0x0000000744800000, 0x0000000744a00000|  0%| F|  |TAMS 0x0000000744800000| PB 0x0000000744800000| Untracked 
|  22|0x0000000744a00000, 0x0000000744a00000, 0x0000000744c00000|  0%| F|  |TAMS 0x0000000744a00000| PB 0x0000000744a00000| Untracked 
|  23|0x0000000744c00000, 0x0000000744c00000, 0x0000000744e00000|  0%| F|  |TAMS 0x0000000744c00000| PB 0x0000000744c00000| Untracked 
|  24|0x0000000744e00000, 0x0000000744e00000, 0x0000000745000000|  0%| F|  |TAMS 0x0000000744e00000| PB 0x0000000744e00000| Untracked 
|  65|0x000000074a000000, 0x000000074a000000, 0x000000074a200000|  0%| F|  |TAMS 0x000000074a000000| PB 0x000000074a000000| Untracked 
|  66|0x000000074a200000, 0x000000074a39e5a8, 0x000000074a400000| 80%| E|  |TAMS 0x000000074a200000| PB 0x000000074a200000| Complete 
|  67|0x000000074a400000, 0x000000074a600000, 0x000000074a600000|100%| E|CS|TAMS 0x000000074a400000| PB 0x000000074a400000| Complete 
|  68|0x000000074a600000, 0x000000074a800000, 0x000000074a800000|100%| E|CS|TAMS 0x000000074a600000| PB 0x000000074a600000| Complete 
|  95|0x000000074dc00000, 0x000000074de00000, 0x000000074de00000|100%| E|CS|TAMS 0x000000074dc00000| PB 0x000000074dc00000| Complete 
|1520|0x00000007ffe00000, 0x0000000800000000, 0x0000000800000000|100%| E|CS|TAMS 0x00000007ffe00000| PB 0x00000007ffe00000| Complete 

Card table byte_map: [0x000001b7fc520000,0x000001b7fcb20000] _byte_map_base: 0x000001b7f8b11000

Marking Bits: (CMBitMap*) 0x000001b7fbeb5c70
 Bits: [0x000001b7fcb20000, 0x000001b7ffaa8000)

Polling page: 0x000001b7f9d10000

Metaspace:

Usage:
  Non-class:     64.30 MB used.
      Class:      9.68 MB used.
       Both:     73.98 MB used.

Virtual space:
  Non-class space:      128.00 MB reserved,      64.81 MB ( 51%) committed,  2 nodes.
      Class space:        1.00 GB reserved,      10.13 MB ( <1%) committed,  1 nodes.
             Both:        1.13 GB reserved,      74.94 MB (  7%) committed. 

Chunk freelists:
   Non-Class:  14.59 MB
       Class:  6.09 MB
        Both:  20.69 MB

MaxMetaspaceSize: unlimited
CompressedClassSpaceSize: 1.00 GB
Initial GC threshold: 21.00 MB
Current GC threshold: 124.69 MB
CDS: on
 - commit_granule_bytes: 65536.
 - commit_granule_words: 8192.
 - virtual_space_node_default_size: 8388608.
 - enlarge_chunks_in_place: 1.
 - use_allocation_guard: 0.


Internal statistics:

num_allocs_failed_limit: 9.
num_arena_births: 1012.
num_arena_deaths: 382.
num_vsnodes_births: 3.
num_vsnodes_deaths: 0.
num_space_committed: 1199.
num_space_uncommitted: 0.
num_chunks_returned_to_freelist: 454.
num_chunks_taken_from_freelist: 3714.
num_chunk_merges: 117.
num_chunk_splits: 2611.
num_chunks_enlarged: 2008.
num_inconsistent_stats: 0.

CodeHeap 'non-profiled nmethods': size=120000Kb used=2395Kb max_used=3182Kb free=117604Kb
 bounds [0x000001b78fe90000, 0x000001b7901b0000, 0x000001b7973c0000]
CodeHeap 'profiled nmethods': size=120000Kb used=1572Kb max_used=12723Kb free=118427Kb
 bounds [0x000001b7883c0000, 0x000001b789040000, 0x000001b78f8f0000]
CodeHeap 'non-nmethods': size=5760Kb used=1723Kb max_used=1801Kb free=4036Kb
 bounds [0x000001b78f8f0000, 0x000001b78fb60000, 0x000001b78fe90000]
 total_blobs=2200 nmethods=1453 adapters=651
 compilation: enabled
              stopped_count=0, restarted_count=0
 full_count=0

Compilation events (20 events):
Event: 30206.954 Thread 0x000001b7fff5e2b0 8423       4       java.time.Instant::create (49 bytes)
Event: 30207.003 Thread 0x000001b7fff5e2b0 nmethod 8423 0x000001b790149290 code [0x000001b790149420, 0x000001b7901495a8]
Event: 30208.318 Thread 0x000001b7fff61500 8424       3       java.lang.StringConcatHelper::prepend (22 bytes)
Event: 30208.318 Thread 0x000001b7fff61500 nmethod 8424 0x000001b788ebf490 code [0x000001b788ebf660, 0x000001b788ebf8f8]
Event: 30224.314 Thread 0x000001b7fff61500 8425       3       java.lang.Thread::checkName (17 bytes)
Event: 30224.315 Thread 0x000001b7fff61500 nmethod 8425 0x000001b7889f6710 code [0x000001b7889f68c0, 0x000001b7889f6ab8]
Event: 30791.791 Thread 0x000001b7fff5e2b0 8426       4       java.util.TreeMap::fixAfterInsertion (267 bytes)
Event: 30792.338 Thread 0x000001b7fff5e2b0 nmethod 8426 0x000001b78ffade90 code [0x000001b78ffae060, 0x000001b78ffaea60]
Event: 31952.724 Thread 0x000001b7fff61500 8427       3       java.lang.Thread::setDaemon (54 bytes)
Event: 31952.829 Thread 0x000001b7fff61500 nmethod 8427 0x000001b788ec1010 code [0x000001b788ec1240, 0x000001b788ec1c58]
Event: 31956.744 Thread 0x000001b7fff61500 8429       3       java.nio.CharBuffer::hasArray (20 bytes)
Event: 31956.744 Thread 0x000001b7fff5e2b0 8431       4       jdk.internal.misc.InternalLock::lock (8 bytes)
Event: 31956.744 Thread 0x000001b7fff61500 nmethod 8429 0x000001b788545410 code [0x000001b7885455c0, 0x000001b788545768]
Event: 31956.744 Thread 0x000001b7fff61500 8430       3       java.nio.CharBuffer::array (35 bytes)
Event: 31956.745 Thread 0x000001b7fff61500 nmethod 8430 0x000001b789026210 code [0x000001b7890263e0, 0x000001b7890266c0]
Event: 31956.778 Thread 0x000001b7fff5e2b0 nmethod 8431 0x000001b78ffa3690 code [0x000001b78ffa3860, 0x000001b78ffa3c80]
Event: 31956.778 Thread 0x000001b7fff5e2b0 8432       4       jdk.internal.misc.InternalLock::unlock (8 bytes)
Event: 31956.780 Thread 0x000001b7fff5e2b0 nmethod 8432 0x000001b790148b10 code [0x000001b790148cc0, 0x000001b790148ee0]
Event: 31976.585 Thread 0x000001b7fff61500 8433       3       java.lang.ThreadLocal$ThreadLocalMap::set (133 bytes)
Event: 31976.633 Thread 0x000001b7fff61500 nmethod 8433 0x000001b789024c10 code [0x000001b789024ea0, 0x000001b789025bc0]

GC Heap History (20 events):
Event: 27465.165 GC heap before
{Heap before GC invocations=146 (full 0):
 garbage-first heap   total 63488K, used 53153K [0x0000000741e00000, 0x0000000800000000)
  region size 2048K, 14 young (28672K), 1 survivors (2048K)
 Metaspace       used 75696K, committed 76672K, reserved 1179648K
  class space    used 9908K, committed 10368K, reserved 1048576K
}
Event: 27465.302 GC heap after
{Heap after GC invocations=147 (full 0):
 garbage-first heap   total 63488K, used 26536K [0x0000000741e00000, 0x0000000800000000)
  region size 2048K, 1 young (2048K), 1 survivors (2048K)
 Metaspace       used 75696K, committed 76672K, reserved 1179648K
  class space    used 9908K, committed 10368K, reserved 1048576K
}
Event: 27952.935 GC heap before
{Heap before GC invocations=147 (full 0):
 garbage-first heap   total 63488K, used 53160K [0x0000000741e00000, 0x0000000800000000)
  region size 2048K, 14 young (28672K), 1 survivors (2048K)
 Metaspace       used 75696K, committed 76672K, reserved 1179648K
  class space    used 9908K, committed 10368K, reserved 1048576K
}
Event: 27953.058 GC heap after
{Heap after GC invocations=148 (full 0):
 garbage-first heap   total 63488K, used 26537K [0x0000000741e00000, 0x0000000800000000)
  region size 2048K, 1 young (2048K), 1 survivors (2048K)
 Metaspace       used 75696K, committed 76672K, reserved 1179648K
  class space    used 9908K, committed 10368K, reserved 1048576K
}
Event: 28435.320 GC heap before
{Heap before GC invocations=149 (full 0):
 garbage-first heap   total 63488K, used 53161K [0x0000000741e00000, 0x0000000800000000)
  region size 2048K, 14 young (28672K), 1 survivors (2048K)
 Metaspace       used 75699K, committed 76672K, reserved 1179648K
  class space    used 9908K, committed 10368K, reserved 1048576K
}
Event: 28435.339 GC heap after
{Heap after GC invocations=150 (full 0):
 garbage-first heap   total 63488K, used 26529K [0x0000000741e00000, 0x0000000800000000)
  region size 2048K, 1 young (2048K), 1 survivors (2048K)
 Metaspace       used 75699K, committed 76672K, reserved 1179648K
  class space    used 9908K, committed 10368K, reserved 1048576K
}
Event: 28913.605 GC heap before
{Heap before GC invocations=150 (full 0):
 garbage-first heap   total 63488K, used 53153K [0x0000000741e00000, 0x0000000800000000)
  region size 2048K, 14 young (28672K), 1 survivors (2048K)
 Metaspace       used 75732K, committed 76672K, reserved 1179648K
  class space    used 9908K, committed 10368K, reserved 1048576K
}
Event: 28913.646 GC heap after
{Heap after GC invocations=151 (full 0):
 garbage-first heap   total 63488K, used 26541K [0x0000000741e00000, 0x0000000800000000)
  region size 2048K, 1 young (2048K), 1 survivors (2048K)
 Metaspace       used 75732K, committed 76672K, reserved 1179648K
  class space    used 9908K, committed 10368K, reserved 1048576K
}
Event: 29398.813 GC heap before
{Heap before GC invocations=152 (full 0):
 garbage-first heap   total 63488K, used 53165K [0x0000000741e00000, 0x0000000800000000)
  region size 2048K, 14 young (28672K), 1 survivors (2048K)
 Metaspace       used 75732K, committed 76672K, reserved 1179648K
  class space    used 9908K, committed 10368K, reserved 1048576K
}
Event: 29398.853 GC heap after
{Heap after GC invocations=153 (full 0):
 garbage-first heap   total 63488K, used 26528K [0x0000000741e00000, 0x0000000800000000)
  region size 2048K, 1 young (2048K), 1 survivors (2048K)
 Metaspace       used 75732K, committed 76672K, reserved 1179648K
  class space    used 9908K, committed 10368K, reserved 1048576K
}
Event: 29883.143 GC heap before
{Heap before GC invocations=153 (full 0):
 garbage-first heap   total 63488K, used 53152K [0x0000000741e00000, 0x0000000800000000)
  region size 2048K, 14 young (28672K), 1 survivors (2048K)
 Metaspace       used 75732K, committed 76672K, reserved 1179648K
  class space    used 9908K, committed 10368K, reserved 1048576K
}
Event: 29883.174 GC heap after
{Heap after GC invocations=154 (full 0):
 garbage-first heap   total 63488K, used 26545K [0x0000000741e00000, 0x0000000800000000)
  region size 2048K, 1 young (2048K), 1 survivors (2048K)
 Metaspace       used 75732K, committed 76672K, reserved 1179648K
  class space    used 9908K, committed 10368K, reserved 1048576K
}
Event: 30358.560 GC heap before
{Heap before GC invocations=155 (full 0):
 garbage-first heap   total 63488K, used 53169K [0x0000000741e00000, 0x0000000800000000)
  region size 2048K, 14 young (28672K), 1 survivors (2048K)
 Metaspace       used 75750K, committed 76736K, reserved 1179648K
  class space    used 9908K, committed 10368K, reserved 1048576K
}
Event: 30358.688 GC heap after
{Heap after GC invocations=156 (full 0):
 garbage-first heap   total 63488K, used 26548K [0x0000000741e00000, 0x0000000800000000)
  region size 2048K, 1 young (2048K), 1 survivors (2048K)
 Metaspace       used 75750K, committed 76736K, reserved 1179648K
  class space    used 9908K, committed 10368K, reserved 1048576K
}
Event: 30844.846 GC heap before
{Heap before GC invocations=156 (full 0):
 garbage-first heap   total 63488K, used 53172K [0x0000000741e00000, 0x0000000800000000)
  region size 2048K, 14 young (28672K), 1 survivors (2048K)
 Metaspace       used 75750K, committed 76736K, reserved 1179648K
  class space    used 9908K, committed 10368K, reserved 1048576K
}
Event: 30845.120 GC heap after
{Heap after GC invocations=157 (full 0):
 garbage-first heap   total 63488K, used 26551K [0x0000000741e00000, 0x0000000800000000)
  region size 2048K, 1 young (2048K), 1 survivors (2048K)
 Metaspace       used 75750K, committed 76736K, reserved 1179648K
  class space    used 9908K, committed 10368K, reserved 1048576K
}
Event: 31329.472 GC heap before
{Heap before GC invocations=158 (full 0):
 garbage-first heap   total 63488K, used 53175K [0x0000000741e00000, 0x0000000800000000)
  region size 2048K, 14 young (28672K), 1 survivors (2048K)
 Metaspace       used 75750K, committed 76736K, reserved 1179648K
  class space    used 9908K, committed 10368K, reserved 1048576K
}
Event: 31329.752 GC heap after
{Heap after GC invocations=159 (full 0):
 garbage-first heap   total 63488K, used 26548K [0x0000000741e00000, 0x0000000800000000)
  region size 2048K, 1 young (2048K), 1 survivors (2048K)
 Metaspace       used 75750K, committed 76736K, reserved 1179648K
  class space    used 9908K, committed 10368K, reserved 1048576K
}
Event: 31812.443 GC heap before
{Heap before GC invocations=159 (full 0):
 garbage-first heap   total 63488K, used 53172K [0x0000000741e00000, 0x0000000800000000)
  region size 2048K, 14 young (28672K), 1 survivors (2048K)
 Metaspace       used 75750K, committed 76736K, reserved 1179648K
  class space    used 9908K, committed 10368K, reserved 1048576K
}
Event: 31812.485 GC heap after
{Heap after GC invocations=160 (full 0):
 garbage-first heap   total 63488K, used 26545K [0x0000000741e00000, 0x0000000800000000)
  region size 2048K, 1 young (2048K), 1 survivors (2048K)
 Metaspace       used 75750K, committed 76736K, reserved 1179648K
  class space    used 9908K, committed 10368K, reserved 1048576K
}

Dll operation events (13 events):
Event: 0.221 Loaded shared library C:\Program Files\Java\bin\java.dll
Event: 0.272 Loaded shared library C:\Program Files\Java\bin\jsvml.dll
Event: 0.501 Loaded shared library C:\Program Files\Java\bin\zip.dll
Event: 0.602 Loaded shared library C:\Program Files\Java\bin\instrument.dll
Event: 0.684 Loaded shared library C:\Program Files\Java\bin\net.dll
Event: 0.686 Loaded shared library C:\Program Files\Java\bin\nio.dll
Event: 0.691 Loaded shared library C:\Program Files\Java\bin\zip.dll
Event: 5.272 Loaded shared library C:\Program Files\Java\bin\extnet.dll
Event: 5.460 Loaded shared library C:\Program Files\Java\bin\jimage.dll
Event: 6.353 Loaded shared library C:\Program Files\Java\bin\management.dll
Event: 6.363 Loaded shared library C:\Program Files\Java\bin\management_ext.dll
Event: 9.179 Loaded shared library C:\Program Files\Java\bin\sunmscapi.dll
Event: 17.819 Loaded shared library C:\Program Files\Java\bin\verify.dll

Deoptimization events (20 events):
Event: 5407.244 Thread 0x000001b7e0726a30 DEOPT PACKING pc=0x000001b790168958 sp=0x000000a50eaff330
Event: 5407.244 Thread 0x000001b7e0726a30 DEOPT UNPACKING pc=0x000001b78f9446a2 sp=0x000000a50eaff0f0 mode 2
Event: 19762.080 Thread 0x000001b7e0727de0 DEOPT PACKING pc=0x000001b7885a9b50 sp=0x000000a50eeff350
Event: 19762.137 Thread 0x000001b7e0727de0 DEOPT UNPACKING pc=0x000001b78f944e42 sp=0x000000a50eefe7e8 mode 0
Event: 22039.763 Thread 0x000001b7e0726a30 Uncommon trap: trap_request=0xffffff45 fr.pc=0x000001b78ff1c4e4 relative=0x00000000000012e4
Event: 22039.802 Thread 0x000001b7e0726a30 Uncommon trap: reason=unstable_if action=reinterpret pc=0x000001b78ff1c4e4 method=java.util.concurrent.ScheduledThreadPoolExecutor$DelayedWorkQueue.take()Ljava/util/concurrent/RunnableScheduledFuture; @ 59 c2
Event: 22039.827 Thread 0x000001b7e0726a30 DEOPT PACKING pc=0x000001b78ff1c4e4 sp=0x000000a50eaff3a0
Event: 22039.861 Thread 0x000001b7e0726a30 DEOPT UNPACKING pc=0x000001b78f9446a2 sp=0x000000a50eaff310 mode 2
Event: 22040.232 Thread 0x000001b7e07270c0 Uncommon trap: trap_request=0xffffff45 fr.pc=0x000001b78ff8938c relative=0x0000000000000f4c
Event: 22040.232 Thread 0x000001b7e07270c0 Uncommon trap: reason=unstable_if action=reinterpret pc=0x000001b78ff8938c method=java.util.concurrent.locks.AbstractQueuedSynchronizer$ConditionObject.unlinkCancelledWaiters(Ljava/util/concurrent/locks/AbstractQueuedSynchronizer$ConditionNode;)V @ 51 c2
Event: 22040.232 Thread 0x000001b7e07270c0 DEOPT PACKING pc=0x000001b78ff8938c sp=0x000000a50ebff0b0
Event: 22040.241 Thread 0x000001b7e07270c0 DEOPT UNPACKING pc=0x000001b78f9446a2 sp=0x000000a50ebfefb8 mode 2
Event: 22057.231 Thread 0x000001b7e07270c0 Uncommon trap: trap_request=0xffffff45 fr.pc=0x000001b7901a8bac relative=0x000000000000008c
Event: 22057.231 Thread 0x000001b7e07270c0 Uncommon trap: reason=unstable_if action=reinterpret pc=0x000001b7901a8bac method=java.util.concurrent.locks.AbstractQueuedSynchronizer$ConditionObject.canReacquire(Ljava/util/concurrent/locks/AbstractQueuedSynchronizer$ConditionNode;)Z @ 18 c2
Event: 22057.231 Thread 0x000001b7e07270c0 DEOPT PACKING pc=0x000001b7901a8bac sp=0x000000a50ebfefc0
Event: 22057.758 Thread 0x000001b7e07270c0 DEOPT UNPACKING pc=0x000001b78f9446a2 sp=0x000000a50ebfef60 mode 2
Event: 24476.447 Thread 0x000001b7e15d58a0 Uncommon trap: trap_request=0xffffff45 fr.pc=0x000001b78ff3ba9c relative=0x0000000000000d1c
Event: 24476.461 Thread 0x000001b7e15d58a0 Uncommon trap: reason=unstable_if action=reinterpret pc=0x000001b78ff3ba9c method=java.util.concurrent.ConcurrentLinkedDeque.unlinkLast(Ljava/util/concurrent/ConcurrentLinkedDeque$Node;Ljava/util/concurrent/ConcurrentLinkedDeque$Node;)V @ 48 c2
Event: 24476.461 Thread 0x000001b7e15d58a0 DEOPT PACKING pc=0x000001b78ff3ba9c sp=0x000000a50f6fed40
Event: 24476.461 Thread 0x000001b7e15d58a0 DEOPT UNPACKING pc=0x000001b78f9446a2 sp=0x000000a50f6fec60 mode 2

Classes loaded (20 events):
Event: 26.221 Loading class com/sun/beans/util/Cache done
Event: 26.221 Loading class com/sun/beans/introspect/ClassInfo$1 done
Event: 26.221 Loading class com/sun/beans/util/Cache$Kind
Event: 26.221 Loading class com/sun/beans/util/Cache$Kind done
Event: 26.221 Loading class com/sun/beans/util/Cache$Kind$1
Event: 26.221 Loading class com/sun/beans/util/Cache$Kind$1 done
Event: 26.221 Loading class com/sun/beans/util/Cache$Kind$2
Event: 26.222 Loading class com/sun/beans/util/Cache$Kind$2 done
Event: 26.222 Loading class com/sun/beans/util/Cache$Kind$3
Event: 26.222 Loading class com/sun/beans/util/Cache$Kind$3 done
Event: 26.222 Loading class com/sun/beans/util/Cache$CacheEntry
Event: 26.222 Loading class com/sun/beans/util/Cache$CacheEntry done
Event: 35.189 Loading class java/util/concurrent/ConcurrentLinkedDeque$CLDSpliterator
Event: 35.190 Loading class java/util/concurrent/ConcurrentLinkedDeque$CLDSpliterator done
Event: 55.218 Loading class java/lang/foreign/MemorySegment
Event: 55.218 Loading class java/lang/foreign/MemorySegment done
Event: 31955.472 Loading class java/lang/Throwable$WrappedPrintStream
Event: 31956.256 Loading class java/lang/Throwable$PrintStreamOrWriter
Event: 31956.311 Loading class java/lang/Throwable$PrintStreamOrWriter done
Event: 31956.311 Loading class java/lang/Throwable$WrappedPrintStream done

Classes unloaded (20 events):
Event: 4043.104 Thread 0x000001b7fff362c0 Unloading class 0x000001b79b090800 'java/lang/invoke/LambdaForm$MH+0x000001b79b090800'
Event: 4043.104 Thread 0x000001b7fff362c0 Unloading class 0x000001b79b084c00 'java/lang/invoke/LambdaForm$MH+0x000001b79b084c00'
Event: 4043.104 Thread 0x000001b7fff362c0 Unloading class 0x000001b79b01b400 'java/lang/invoke/LambdaForm$MH+0x000001b79b01b400'
Event: 4043.104 Thread 0x000001b7fff362c0 Unloading class 0x000001b79b01ac00 'java/lang/invoke/LambdaForm$MH+0x000001b79b01ac00'
Event: 4043.104 Thread 0x000001b7fff362c0 Unloading class 0x000001b79b01a400 'java/lang/invoke/LambdaForm$MH+0x000001b79b01a400'
Event: 4043.104 Thread 0x000001b7fff362c0 Unloading class 0x000001b79b01a000 'java/lang/invoke/LambdaForm$MH+0x000001b79b01a000'
Event: 4043.104 Thread 0x000001b7fff362c0 Unloading class 0x000001b79b019000 'java/lang/invoke/LambdaForm$MH+0x000001b79b019000'
Event: 4043.104 Thread 0x000001b7fff362c0 Unloading class 0x000001b79b018400 'java/lang/invoke/LambdaForm$MH+0x000001b79b018400'
Event: 4043.104 Thread 0x000001b7fff362c0 Unloading class 0x000001b79b018000 'java/lang/invoke/LambdaForm$MH+0x000001b79b018000'
Event: 4043.104 Thread 0x000001b7fff362c0 Unloading class 0x000001b79b017800 'java/lang/invoke/LambdaForm$MH+0x000001b79b017800'
Event: 4043.104 Thread 0x000001b7fff362c0 Unloading class 0x000001b79b017400 'java/lang/invoke/LambdaForm$MH+0x000001b79b017400'
Event: 4043.104 Thread 0x000001b7fff362c0 Unloading class 0x000001b79b017000 'java/lang/invoke/LambdaForm$MH+0x000001b79b017000'
Event: 4043.104 Thread 0x000001b7fff362c0 Unloading class 0x000001b79b016400 'java/lang/invoke/LambdaForm$MH+0x000001b79b016400'
Event: 4043.104 Thread 0x000001b7fff362c0 Unloading class 0x000001b79b015400 'java/lang/invoke/LambdaForm$MH+0x000001b79b015400'
Event: 4043.104 Thread 0x000001b7fff362c0 Unloading class 0x000001b79b014800 'java/lang/invoke/LambdaForm$MH+0x000001b79b014800'
Event: 4043.104 Thread 0x000001b7fff362c0 Unloading class 0x000001b79b014000 'java/lang/invoke/LambdaForm$MH+0x000001b79b014000'
Event: 4043.104 Thread 0x000001b7fff362c0 Unloading class 0x000001b79b002400 'java/lang/invoke/LambdaForm$MH+0x000001b79b002400'
Event: 4043.104 Thread 0x000001b7fff362c0 Unloading class 0x000001b79b002000 'java/lang/invoke/LambdaForm$MH+0x000001b79b002000'
Event: 4043.104 Thread 0x000001b7fff362c0 Unloading class 0x000001b79b001c00 'java/lang/invoke/LambdaForm$MH+0x000001b79b001c00'
Event: 4043.104 Thread 0x000001b7fff362c0 Unloading class 0x000001b79b001400 'java/lang/invoke/LambdaForm$MH+0x000001b79b001400'

Classes redefined (0 events):
No events

Internal exceptions (20 events):
Event: 24.981 Thread 0x000001b7e15d8000 Implicit null exception at 0x000001b78fe9210a to 0x000001b78fe92190
Event: 25.018 Thread 0x000001b7e15d8000 Exception <a 'java/lang/NoSuchMethodError'{0x000000074a6bc250}: 'void java.lang.invoke.DirectMethodHandle$Holder.invokeStatic(java.lang.Object, java.lang.Object, long)'> (0x000000074a6bc250) 
thrown [s\open\src\hotspot\share\interpreter\linkResolver.cpp, line 773]
Event: 25.529 Thread 0x000001b7df34e710 Exception <a 'java/lang/IncompatibleClassChangeError'{0x0000000744f1e248}: Found class java.lang.Object, but interface was expected> (0x0000000744f1e248) 
thrown [s\open\src\hotspot\share\interpreter\linkResolver.cpp, line 840]
Event: 25.600 Thread 0x000001b7df34e710 Exception <a 'java/lang/NoSuchMethodError'{0x0000000744cc61f8}: 'void java.lang.invoke.DirectMethodHandle$Holder.invokeVirtual(java.lang.Object, java.lang.Object, long)'> (0x0000000744cc61f8) 
thrown [s\open\src\hotspot\share\interpreter\linkResolver.cpp, line 773]
Event: 25.685 Thread 0x000001b7df34e710 Exception <a 'java/lang/NoSuchMethodError'{0x0000000744b17ca0}: 'int java.lang.invoke.DirectMethodHandle$Holder.invokeStaticInit(java.lang.Object, java.lang.Object, java.lang.Object, java.lang.Object)'> (0x0000000744b17ca0) 
thrown [s\open\src\hotspot\share\interpreter\linkResolver.cpp, line 773]
Event: 25.841 Thread 0x000001b7df34e710 Exception <a 'java/lang/IncompatibleClassChangeError'{0x000000074465caa8}: Found class java.lang.Object, but interface was expected> (0x000000074465caa8) 
thrown [s\open\src\hotspot\share\interpreter\linkResolver.cpp, line 840]
Event: 25.988 Thread 0x000001b7df34e710 Exception <a 'java/lang/NoSuchMethodError'{0x000000074dd171f8}: 'java.lang.Object java.lang.invoke.Invokers$Holder.invoke_MT(java.lang.Object, java.lang.Object, java.lang.Object, java.lang.Object, java.lang.Object, java.lang.Object, java.lang.Object, java.lang.Object, java.lang.Object, java.lang.Object, java.lang.Object)'> (0x000000074dd171f8) 
thrown [s\open\src\hotspot\share\interpreter\linkResolver.cpp, line 773]
Event: 26.132 Thread 0x000001b7df34e710 Exception <a 'java/lang/NoSuchMethodError'{0x000000074a733430}: 'java.lang.Object java.lang.invoke.DirectMethodHandle$Holder.newInvokeSpecial(java.lang.Object, java.lang.Object, int, java.lang.Object, java.lang.Object)'> (0x000000074a733430) 
thrown [s\open\src\hotspot\share\interpreter\linkResolver.cpp, line 773]
Event: 82.085 Thread 0x000001b7e0727de0 Exception <a 'java/lang/NoSuchMethodError'{0x000000074a03d068}: 'java.lang.Object java.lang.invoke.DirectMethodHandle$Holder.newInvokeSpecial(java.lang.Object, java.lang.Object, long)'> (0x000000074a03d068) 
thrown [s\open\src\hotspot\share\interpreter\linkResolver.cpp, line 773]
Event: 82.085 Thread 0x000001b7e0727de0 Exception <a 'java/lang/NoSuchMethodError'{0x000000074a040590}: 'java.lang.Object java.lang.invoke.Invokers$Holder.linkToTargetMethod(java.lang.Object, long, java.lang.Object)'> (0x000000074a040590) 
thrown [s\open\src\hotspot\share\interpreter\linkResolver.cpp, line 773]
Event: 5403.234 Thread 0x000001b7e0726a30 Implicit null exception at 0x000001b78fe9c556 to 0x000001b78fe9c860
Event: 5404.235 Thread 0x000001b7e07270c0 Implicit null exception at 0x000001b78fe9c556 to 0x000001b78fe9c860
Event: 5405.238 Thread 0x000001b7e0726a30 Implicit null exception at 0x000001b78fe9c556 to 0x000001b78fe9c860
Event: 5406.238 Thread 0x000001b7e0726a30 Implicit null exception at 0x000001b78fe9c556 to 0x000001b78fe9c860
Event: 5407.243 Thread 0x000001b7e0726a30 Implicit null exception at 0x000001b790168653 to 0x000001b79016893c
Event: 31952.945 Thread 0x000001b7e0729190 Exception <a 'java/lang/OutOfMemoryError'{0x00000007fff16a18}: unable to create native thread: possibly out of memory or process/resource limits reached> (0x00000007fff16a18) 
thrown [s\open\src\hotspot\share\prims\jvm.cpp, line 3013]
Event: 31955.101 Thread 0x000001b7e0725d10 Exception <a 'java/lang/OutOfMemoryError'{0x000000074a5b4378}: unable to create native thread: possibly out of memory or process/resource limits reached> (0x000000074a5b4378) 
thrown [s\open\src\hotspot\share\prims\jvm.cpp, line 3013]
Event: 31955.109 Thread 0x000001b7e0725d10 Exception <a 'java/lang/OutOfMemoryError'{0x000000074a5b4850}: unable to create native thread: possibly out of memory or process/resource limits reached> (0x000000074a5b4850) 
thrown [s\open\src\hotspot\share\prims\jvm.cpp, line 3013]
Event: 31981.920 Thread 0x000001b7e0729190 Exception <a 'java/lang/OutOfMemoryError'{0x000000074a5b3b78}: unable to create native thread: possibly out of memory or process/resource limits reached> (0x000000074a5b3b78) 
thrown [s\open\src\hotspot\share\prims\jvm.cpp, line 3013]
Event: 31981.951 Thread 0x000001b7e0729190 Exception <a 'java/lang/OutOfMemoryError'{0x000000074a31d578}: unable to create native thread: possibly out of memory or process/resource limits reached> (0x000000074a31d578) 
thrown [s\open\src\hotspot\share\prims\jvm.cpp, line 3013]

ZGC Phase Switch (0 events):
No events

VM Operations (20 events):
Event: 29883.318 Executing VM operation: G1PauseCleanup
Event: 29883.318 Executing VM operation: G1PauseCleanup done
Event: 30171.343 Executing VM operation: Cleanup
Event: 30171.642 Executing VM operation: Cleanup done
Event: 30358.560 Executing VM operation: G1CollectForAllocation (G1 Evacuation Pause)
Event: 30358.688 Executing VM operation: G1CollectForAllocation (G1 Evacuation Pause) done
Event: 30844.846 Executing VM operation: G1CollectForAllocation (G1 Evacuation Pause)
Event: 30845.121 Executing VM operation: G1CollectForAllocation (G1 Evacuation Pause) done
Event: 30845.203 Executing VM operation: G1PauseRemark
Event: 30845.205 Executing VM operation: G1PauseRemark done
Event: 30845.216 Executing VM operation: G1PauseCleanup
Event: 30845.216 Executing VM operation: G1PauseCleanup done
Event: 31329.472 Executing VM operation: G1CollectForAllocation (G1 Evacuation Pause)
Event: 31329.752 Executing VM operation: G1CollectForAllocation (G1 Evacuation Pause) done
Event: 31812.443 Executing VM operation: G1CollectForAllocation (G1 Evacuation Pause)
Event: 31812.486 Executing VM operation: G1CollectForAllocation (G1 Evacuation Pause) done
Event: 31812.603 Executing VM operation: G1PauseRemark
Event: 31812.860 Executing VM operation: G1PauseRemark done
Event: 31812.936 Executing VM operation: G1PauseCleanup
Event: 31812.961 Executing VM operation: G1PauseCleanup done

Events (20 events):
Event: 30250.131 Thread 0x000001b7e07263a0 Thread added: 0x000001b7e07263a0
Event: 30256.397 Thread 0x000001b7e0725d10 Thread exited: 0x000001b7e0725d10
Event: 30256.429 Thread 0x000001b7e07263a0 Thread exited: 0x000001b7e07263a0
Event: 30270.346 Thread 0x000001b7e0725d10 Thread added: 0x000001b7e0725d10
Event: 30270.347 Thread 0x000001b7e07263a0 Thread added: 0x000001b7e07263a0
Event: 30275.355 Thread 0x000001b7e0725d10 Thread exited: 0x000001b7e0725d10
Event: 30275.386 Thread 0x000001b7e07263a0 Thread exited: 0x000001b7e07263a0
Event: 30330.914 Thread 0x000001b7e0725d10 Thread added: 0x000001b7e0725d10
Event: 30330.914 Thread 0x000001b7e07263a0 Thread added: 0x000001b7e07263a0
Event: 30335.923 Thread 0x000001b7e0725d10 Thread exited: 0x000001b7e0725d10
Event: 30335.955 Thread 0x000001b7e07263a0 Thread exited: 0x000001b7e07263a0
Event: 31812.604 Thread 0x000001b7fff362c0 flushing nmethod 0x000001b7887cce10
Event: 31812.653 Thread 0x000001b7fff362c0 flushing nmethod 0x000001b7887df790
Event: 31812.700 Thread 0x000001b7fff362c0 flushing nmethod 0x000001b788691890
Event: 31812.784 Thread 0x000001b7fff362c0 flushing nmethod 0x000001b7886a6790
Event: 31955.091 Thread 0x000001b7e0725d10 Thread added: 0x000001b7e0725d10
Event: 31956.744 Thread 0x000001b7e0725d10 Thread exited: 0x000001b7e0725d10
Event: 31976.584 Thread 0x000001b7e0725d10 Thread added: 0x000001b7e0725d10
Event: 31981.650 Thread 0x000001b7e0725d10 Thread exited: 0x000001b7e0725d10
Event: 31984.410 Thread 0x000001b7e0725d10 Thread added: 0x000001b7e0725d10


Dynamic libraries:
0x00007ff716cf0000 - 0x00007ff716d00000 	C:\Program Files\Java\bin\java.exe
0x00007ffd9ffe0000 - 0x00007ffda01d0000 	C:\WINDOWS\SYSTEM32\ntdll.dll
0x00007ffd9f830000 - 0x00007ffd9f8e2000 	C:\WINDOWS\System32\KERNEL32.DLL
0x00007ffd9d5c0000 - 0x00007ffd9d865000 	C:\WINDOWS\System32\KERNELBASE.dll
0x00007ffd9d2b0000 - 0x00007ffd9d3aa000 	C:\WINDOWS\System32\ucrtbase.dll
0x00007ffd8dd60000 - 0x00007ffd8dd79000 	C:\Program Files\Java\bin\jli.dll
0x00007ffd9f8f0000 - 0x00007ffd9f993000 	C:\WINDOWS\System32\ADVAPI32.dll
0x00007ffd9f9a0000 - 0x00007ffd9fa3e000 	C:\WINDOWS\System32\msvcrt.dll
0x00007ffd9f340000 - 0x00007ffd9f3d7000 	C:\WINDOWS\System32\sechost.dll
0x00007ffd9e090000 - 0x00007ffd9e1af000 	C:\WINDOWS\System32\RPCRT4.dll
0x00007ffd9f5f0000 - 0x00007ffd9f784000 	C:\WINDOWS\System32\USER32.dll
0x00007ffd9d0f0000 - 0x00007ffd9d111000 	C:\WINDOWS\System32\win32u.dll
0x00007ffd9fa40000 - 0x00007ffd9fa66000 	C:\WINDOWS\System32\GDI32.dll
0x00007ffd9cf50000 - 0x00007ffd9d0e8000 	C:\WINDOWS\System32\gdi32full.dll
0x00007ffd9d1b0000 - 0x00007ffd9d24e000 	C:\WINDOWS\System32\msvcp_win.dll
0x00007ffd8c9a0000 - 0x00007ffd8cc24000 	C:\WINDOWS\WinSxS\amd64_microsoft.windows.common-controls_6595b64144ccf1df_6.0.18362.1556_none_9e7e372fe45e41d5\COMCTL32.dll
0x00007ffd9e420000 - 0x00007ffd9e756000 	C:\WINDOWS\System32\combase.dll
0x00007ffd9d120000 - 0x00007ffd9d1a1000 	C:\WINDOWS\System32\bcryptPrimitives.dll
0x00007ffd94550000 - 0x00007ffd9455a000 	C:\WINDOWS\SYSTEM32\VERSION.dll
0x00007ffd85d50000 - 0x00007ffd85d6b000 	C:\Program Files\Java\bin\VCRUNTIME140.dll
0x00007ffd9ff70000 - 0x00007ffd9ff9e000 	C:\WINDOWS\System32\IMM32.DLL
0x00007ffd9b220000 - 0x00007ffd9b22c000 	C:\Program Files\Java\bin\vcruntime140_1.dll
0x00007ffd5de80000 - 0x00007ffd5df0e000 	C:\Program Files\Java\bin\msvcp140.dll
0x00007ffd48030000 - 0x00007ffd48d4a000 	C:\Program Files\Java\bin\server\jvm.dll
0x00007ffd9cf00000 - 0x00007ffd9cf4a000 	C:\WINDOWS\System32\POWRPROF.dll
0x00007ffd9ce90000 - 0x00007ffd9cea0000 	C:\WINDOWS\System32\UMPDC.dll
0x00007ffd9fc10000 - 0x00007ffd9fc7f000 	C:\WINDOWS\System32\WS2_32.dll
0x00007ffd981a0000 - 0x00007ffd981c4000 	C:\WINDOWS\SYSTEM32\WINMM.dll
0x00007ffd98170000 - 0x00007ffd9819d000 	C:\WINDOWS\SYSTEM32\WINMMBASE.dll
0x00007ffd9d870000 - 0x00007ffd9d8ba000 	C:\WINDOWS\System32\cfgmgr32.dll
0x00007ffd9cee0000 - 0x00007ffd9cef1000 	C:\WINDOWS\System32\kernel.appcore.dll
0x00007ffd99eb0000 - 0x00007ffd99eba000 	C:\Program Files\Java\bin\jimage.dll
0x00007ffd969f0000 - 0x00007ffd96be4000 	C:\WINDOWS\SYSTEM32\DBGHELP.DLL
0x00007ffd88240000 - 0x00007ffd8826a000 	C:\WINDOWS\SYSTEM32\dbgcore.DLL
0x00007ffd8dca0000 - 0x00007ffd8dcaf000 	C:\Program Files\Java\bin\instrument.dll
0x00007ffd85ca0000 - 0x00007ffd85cbf000 	C:\Program Files\Java\bin\java.dll
0x00007ffd9ec50000 - 0x00007ffd9f337000 	C:\WINDOWS\System32\SHELL32.dll
0x00007ffd9f3e0000 - 0x00007ffd9f488000 	C:\WINDOWS\System32\shcore.dll
0x00007ffd9d910000 - 0x00007ffd9e08b000 	C:\WINDOWS\System32\windows.storage.dll
0x00007ffd9cec0000 - 0x00007ffd9cede000 	C:\WINDOWS\System32\profapi.dll
0x00007ffd9feb0000 - 0x00007ffd9ff02000 	C:\WINDOWS\System32\shlwapi.dll
0x00007ffd9d8c0000 - 0x00007ffd9d8d7000 	C:\WINDOWS\System32\cryptsp.dll
0x00007ffd5dda0000 - 0x00007ffd5de77000 	C:\Program Files\Java\bin\jsvml.dll
0x00007ffd854d0000 - 0x00007ffd854e8000 	C:\Program Files\Java\bin\zip.dll
0x00007ffd8dd50000 - 0x00007ffd8dd60000 	C:\Program Files\Java\bin\net.dll
0x00007ffd92080000 - 0x00007ffd9217a000 	C:\WINDOWS\SYSTEM32\WINHTTP.dll
0x00007ffd9c6d0000 - 0x00007ffd9c737000 	C:\WINDOWS\system32\mswsock.dll
0x00007ffd85620000 - 0x00007ffd85636000 	C:\Program Files\Java\bin\nio.dll
0x00007ffd864a0000 - 0x00007ffd864a9000 	C:\Program Files\Java\bin\extnet.dll
0x00007ffd85cf0000 - 0x00007ffd85cfa000 	C:\Program Files\Java\bin\management.dll
0x00007ffd85c90000 - 0x00007ffd85c9b000 	C:\Program Files\Java\bin\management_ext.dll
0x00007ffd9e260000 - 0x00007ffd9e268000 	C:\WINDOWS\System32\PSAPI.DLL
0x00007ffd865a0000 - 0x00007ffd865ae000 	C:\Program Files\Java\bin\sunmscapi.dll
0x00007ffd9d460000 - 0x00007ffd9d5b1000 	C:\WINDOWS\System32\CRYPT32.dll
0x00007ffd9cea0000 - 0x00007ffd9ceb2000 	C:\WINDOWS\System32\MSASN1.dll
0x00007ffd9c9b0000 - 0x00007ffd9c9d6000 	C:\WINDOWS\SYSTEM32\ncrypt.dll
0x00007ffd9d8e0000 - 0x00007ffd9d906000 	C:\WINDOWS\System32\bcrypt.dll
0x00007ffd9c970000 - 0x00007ffd9c9ab000 	C:\WINDOWS\SYSTEM32\NTASN1.dll
0x00007ffd9c250000 - 0x00007ffd9c283000 	C:\WINDOWS\system32\rsaenh.dll
0x00007ffd9cdb0000 - 0x00007ffd9cdd5000 	C:\WINDOWS\SYSTEM32\USERENV.dll
0x00007ffd9c8a0000 - 0x00007ffd9c8ac000 	C:\WINDOWS\SYSTEM32\CRYPTBASE.dll
0x00007ffd9c3e0000 - 0x00007ffd9c41a000 	C:\WINDOWS\SYSTEM32\IPHLPAPI.DLL
0x00007ffd9fd50000 - 0x00007ffd9fd58000 	C:\WINDOWS\System32\NSI.dll
0x00007ffd85ad0000 - 0x00007ffd85ae0000 	C:\Program Files\Java\bin\verify.dll
0x00007ffd969b0000 - 0x00007ffd969c6000 	C:\WINDOWS\SYSTEM32\dhcpcsvc6.DLL
0x00007ffd97130000 - 0x00007ffd9714c000 	C:\WINDOWS\SYSTEM32\dhcpcsvc.DLL
0x00007ffd9c420000 - 0x00007ffd9c4eb000 	C:\WINDOWS\SYSTEM32\DNSAPI.dll
0x00007ffd87020000 - 0x00007ffd87027000 	C:\WINDOWS\system32\wshunix.dll
0x00007ffd8def0000 - 0x00007ffd8defa000 	C:\Windows\System32\rasadhlp.dll
0x00007ffd96410000 - 0x00007ffd96487000 	C:\WINDOWS\System32\fwpuclnt.dll

dbghelp: loaded successfully - version: 4.0.5 - missing functions: none
symbol engine: initialized successfully - sym options: 0x614 - pdb path: .;C:\Program Files\Java\bin;C:\WINDOWS\SYSTEM32;C:\WINDOWS\WinSxS\amd64_microsoft.windows.common-controls_6595b64144ccf1df_6.0.18362.1556_none_9e7e372fe45e41d5;C:\Program Files\Java\bin\server

VM Arguments:
jvm_args: -javaagent:D:\IntelliJ\IntelliJ IDEA Community Edition 2024.3.5\lib\idea_rt.jar=52470 -Dfile.encoding=UTF-8 -Dsun.stdout.encoding=UTF-8 -Dsun.stderr.encoding=UTF-8 
java_command: sarwadnya.mutkule.CoinSense.CoinSenseApplication
java_class_path (initial): D:\Java\CoinSense\target\classes;C:\Users\Admin\.m2\repository\org\springframework\boot\spring-boot-starter-data-jdbc\3.4.4\spring-boot-starter-data-jdbc-3.4.4.jar;C:\Users\Admin\.m2\repository\org\springframework\boot\spring-boot-starter-jdbc\3.4.4\spring-boot-starter-jdbc-3.4.4.jar;C:\Users\Admin\.m2\repository\com\zaxxer\HikariCP\5.1.0\HikariCP-5.1.0.jar;C:\Users\Admin\.m2\repository\org\springframework\spring-jdbc\6.2.5\spring-jdbc-6.2.5.jar;C:\Users\Admin\.m2\repository\org\springframework\data\spring-data-jdbc\3.4.4\spring-data-jdbc-3.4.4.jar;C:\Users\Admin\.m2\repository\org\springframework\data\spring-data-relational\3.4.4\spring-data-relational-3.4.4.jar;C:\Users\Admin\.m2\repository\org\springframework\data\spring-data-commons\3.4.4\spring-data-commons-3.4.4.jar;C:\Users\Admin\.m2\repository\org\springframework\spring-tx\6.2.5\spring-tx-6.2.5.jar;C:\Users\Admin\.m2\repository\org\springframework\spring-context\6.2.5\spring-context-6.2.5.jar;C:\Users\Admin\.m2\repository\org\springframework\spring-beans\6.2.5\spring-beans-6.2.5.jar;C:\Users\Admin\.m2\repository\org\slf4j\slf4j-api\2.0.17\slf4j-api-2.0.17.jar;C:\Users\Admin\.m2\repository\org\springframework\boot\spring-boot-starter-thymeleaf\3.4.4\spring-boot-starter-thymeleaf-3.4.4.jar;C:\Users\Admin\.m2\repository\org\springframework\boot\spring-boot-starter\3.4.4\spring-boot-starter-3.4.4.jar;C:\Users\Admin\.m2\repository\org\springframework\boot\spring-boot-starter-logging\3.4.4\spring-boot-starter-logging-3.4.4.jar;C:\Users\Admin\.m2\repository\ch\qos\logback\logback-classic\1.5.18\logback-classic-1.5.18.jar;C:\Users\Admin\.m2\repository\ch\qos\logback\logback-core\1.5.18\logback-core-1.5.18.jar;C:\Users\Admin\.m2\repository\org\apache\logging\log4j\log4j-to-slf4j\2.24.3\log4j-to-slf4j-2.24.3.jar;C:\Users\Admin\.m2\repository\org\apache\logging\log4j\log4j-api\2.24.3\log4j-api-2.24.3.jar;C:\Users\Admin\.m2\repository\org\slf4j\jul-to-slf4j\2.0.17\jul-to-slf4j-2.0.17.jar;C:\Users\Admin\.m2\repository\jakarta\annotation\jakarta.annotation-api\2.1.1\jakarta.annotation-api-2.1.1.jar;C:\Users\Admin\.m2\repository\org\yaml\snakeyaml\2.3\snakeyaml-2.3.jar;C:\Users\Admin\.m2\repository\org\thymeleaf\thymeleaf-spring6\3.1.3.RELEASE\thymeleaf-spring6-3.1.3.RELEASE.jar;C:\Users\Admin\.m2\repository\org\thymeleaf\thymeleaf\3.1.3.RELEASE\thymeleaf-3.1.3.RELEASE.jar;C:\Users\Admin\.m2\repository\org\attoparser\attoparser\2.0.7.RELEASE\attoparser-2.0.7.RELEASE.jar;C:\Users\Admin\.m2\repository\org\unbescape\unbescape\1.1.6.RELEASE\unbescape-1.1.6.RELEASE.jar;C:\Users\Admin\.m2\repository\org\springframework\boot\spring-boot-starter-data-jpa\3.4.4\spring-boot-starter-data-jpa-3.4.4.jar;C:\Users\Admin\.m2\repository\org\hibernate\orm\hibernate-core\6.6.11.Final\hibernate-core-6.6.11.Final.jar;C:\Users\Admin\.m2\repository\jakarta\persistence\jakarta.persistence-api\3.1.0\jakarta.persistence-api-3.1.0.jar;C:\Users\Admin\.m2\repository\jakarta\transaction\jakarta.transaction-api\2.0.1\jakarta.transaction-api-2.0.1.jar;C:\Users\Admin\.m2\repository\org\jboss\logging\jboss-logging\3.6.1.Final\jboss-logging-3.6.1.Final.jar;C:\Users\Admin\.m2\repository\org\hibernate\common\hibernate-commons-annotations\7.0.3.Final\hibernate-commons-annotations-7.0.3.Final.jar;C:\Users\Admin\.m2\repository\io\smallrye\jandex\3.2.0\jandex-3.2.0.jar;C:\Users\Admin\.m2\repository\com\fasterxml\classmate\1.7.0\classmate-1.7.0.jar;C:\Users\Admin\.m2\repository\net\bytebuddy\byte-buddy\1.15.11\byte-buddy-1.15.11.jar;C:\Users\Admin\.m2\repository\org\glassfish\jaxb\jaxb-runtime\4.0.5\jaxb-runtime-4.0.5.jar;C:\Users\Admin\.m2\repository\org\glassfish\jaxb\jaxb-core\4.0.5\jaxb-core-4.0.5.jar;C:\Users\Admin\.m2\repository\org\glassfish\jaxb\txw2\4.0.5\txw2-4.0.5.jar;C:\Users\Admin\.m2\repository\com\sun\istack\istack-commons-runtime\4.1.2\istack-commons-runtime-4.1.2.jar;C:\Users\Admin\.m2\repository\jakarta\inject\jakarta.inject-api\2.0.1\jakarta.inject-api-2.0.1.jar;C:\Users\Admin\.m2\repository\org\antlr\antlr4-runtime\4.13.0\antlr4-runtime-4.13.0.jar;C:\Users\Admin\.m2\repository\org\springframework\data\spring-data-jpa\3.4.4\spring-data-jpa-3.4.4.jar;C:\Users\Admin\.m2\repository\org\springframework\spring-orm\6.2.5\spring-orm-6.2.5.jar;C:\Users\Admin\.m2\repository\org\springframework\spring-aop\6.2.5\spring-aop-6.2.5.jar;C:\Users\Admin\.m2\repository\org\springframework\spring-aspects\6.2.5\spring-aspects-6.2.5.jar;C:\Users\Admin\.m2\repository\org\aspectj\aspectjweaver\1.9.23\aspectjweaver-1.9.23.jar;C:\Users\Admin\.m2\repository\org\springframework\boot\spring-boot-starter-web\3.4.4\spring-boot-starter-web-3.4.4.jar;C:\Users\Admin\.m2\repository\org\springframework\boot\spring-boot-starter-json\3.4.4\spring-boot-starter-json-3.4.4.jar;C:\Users\Admin\.m2\repository\com\fasterxml\jackson\core\jackson-databind\2.18.3\jackson-databind-2.18.3.jar;C:\Users\Admin\.m2\repository\com\fasterxml\jackson\core\jackson-annotations\2.18.3\jackson-annotations-2.18.3.jar;C:\Users\Admin\.m2\repository\com\fasterxml\jackson\core\jackson-core\2.18.3\jackson-core-2.18.3.jar;C:\Users\Admin\.m2\repository\com\fasterxml\jackson\datatype\jackson-datatype-jdk8\2.18.3\jackson-datatype-jdk8-2.18.3.jar;C:\Users\Admin\.m2\repository\com\fasterxml\jackson\datatype\jackson-datatype-jsr310\2.18.3\jackson-datatype-jsr310-2.18.3.jar;C:\Users\Admin\.m2\repository\com\fasterxml\jackson\module\jackson-module-parameter-names\2.18.3\jackson-module-parameter-names-2.18.3.jar;C:\Users\Admin\.m2\repository\org\springframework\boot\spring-boot-starter-tomcat\3.4.4\spring-boot-starter-tomcat-3.4.4.jar;C:\Users\Admin\.m2\repository\org\apache\tomcat\embed\tomcat-embed-core\10.1.39\tomcat-embed-core-10.1.39.jar;C:\Users\Admin\.m2\repository\org\apache\tomcat\embed\tomcat-embed-el\10.1.39\tomcat-embed-el-10.1.39.jar;C:\Users\Admin\.m2\repository\org\apache\tomcat\embed\tomcat-embed-websocket\10.1.39\tomcat-embed-websocket-10.1.39.jar;C:\Users\Admin\.m2\repository\org\springframework\spring-web\6.2.5\spring-web-6.2.5.jar;C:\Users\Admin\.m2\repository\io\micrometer\micrometer-observation\1.14.5\micrometer-observation-1.14.5.jar;C:\Users\Admin\.m2\repository\io\micrometer\micrometer-commons\1.14.5\micrometer-commons-1.14.5.jar;C:\Users\Admin\.m2\repository\org\springframework\spring-webmvc\6.2.5\spring-webmvc-6.2.5.jar;C:\Users\Admin\.m2\repository\org\springframework\spring-expression\6.2.5\spring-expression-6.2.5.jar;C:\Users\Admin\.m2\repository\org\springframework\boot\spring-boot-devtools\3.4.4\spring-boot-devtools-3.4.4.jar;C:\Users\Admin\.m2\repository\org\springframework\boot\spring-boot\3.4.4\spring-boot-3.4.4.jar;C:\Users\Admin\.m2\repository\org\springframework\boot\spring-boot-autoconfigure\3.4.4\spring-boot-autoconfigure-3.4.4.jar;C:\Users\Admin\.m2\repository\com\h2database\h2\2.3.232\h2-2.3.232.jar;C:\Users\Admin\.m2\repository\org\springframework\security\spring-security-crypto\6.4.4\spring-security-crypto-6.4.4.jar;C:\Users\Admin\.m2\repository\org\springframework\boot\spring-boot-starter-data-mongodb\3.4.4\spring-boot-starter-data-mongodb-3.4.4.jar;C:\Users\Admin\.m2\repository\org\mongodb\mongodb-driver-sync\5.2.1\mongodb-driver-sync-5.2.1.jar;C:\Users\Admin\.m2\repository\org\mongodb\bson\5.2.1\bson-5.2.1.jar;C:\Users\Admin\.m2\repository\org\mongodb\mongodb-driver-core\5.2.1\mongodb-driver-core-5.2.1.jar;C:\Users\Admin\.m2\repository\org\mongodb\bson-record-codec\5.2.1\bson-record-codec-5.2.1.jar;C:\Users\Admin\.m2\repository\org\springframework\data\spring-data-mongodb\4.4.4\spring-data-mongodb-4.4.4.jar;C:\Users\Admin\.m2\repository\org\springframework\boot\spring-boot-starter-mail\3.4.4\spring-boot-starter-mail-3.4.4.jar;C:\Users\Admin\.m2\repository\org\springframework\spring-context-support\6.2.5\spring-context-support-6.2.5.jar;C:\Users\Admin\.m2\repository\org\eclipse\angus\jakarta.mail\2.0.3\jakarta.mail-2.0.3.jar;C:\Users\Admin\.m2\repository\jakarta\activation\jakarta.activation-api\2.1.3\jakarta.activation-api-2.1.3.jar;C:\Users\Admin\.m2\repository\org\eclipse\angus\angus-activation\2.0.2\angus-activation-2.0.2.jar;C:\Users\Admin\.m2\repository\jakarta\xml\bind\jakarta.xml.bind-api\4.0.2\jakarta.xml.bind-api-4.0.2.jar;C:\Users\Admin\.m2\repository\org\springframework\spring-core\6.2.5\spring-core-6.2.5.jar;C:\Users\Admin\.m2\repository\org\springframework\spring-jcl\6.2.5\spring-jcl-6.2.5.jar
Launcher Type: SUN_STANDARD

[Global flags]
     intx CICompilerCount                          = 3                                         {product} {ergonomic}
     uint ConcGCThreads                            = 1                                         {product} {ergonomic}
     uint G1ConcRefinementThreads                  = 4                                         {product} {ergonomic}
   size_t G1HeapRegionSize                         = 2097152                                   {product} {ergonomic}
    uintx GCDrainStackTargetSize                   = 64                                        {product} {ergonomic}
   size_t InitialHeapSize                          = 201326592                                 {product} {ergonomic}
   size_t MarkStackSize                            = 4194304                                   {product} {ergonomic}
   size_t MaxHeapSize                              = 3189768192                                {product} {ergonomic}
   size_t MaxNewSize                               = 1912602624                                {product} {ergonomic}
   size_t MinHeapDeltaBytes                        = 2097152                                   {product} {ergonomic}
   size_t MinHeapSize                              = 8388608                                   {product} {ergonomic}
    uintx NonNMethodCodeHeapSize                   = 5832780                                {pd product} {ergonomic}
    uintx NonProfiledCodeHeapSize                  = 122912730                              {pd product} {ergonomic}
    uintx ProfiledCodeHeapSize                     = 122912730                              {pd product} {ergonomic}
    uintx ReservedCodeCacheSize                    = 251658240                              {pd product} {ergonomic}
     bool SegmentedCodeCache                       = true                                      {product} {ergonomic}
   size_t SoftMaxHeapSize                          = 3189768192                             {manageable} {ergonomic}
     bool UseCompressedOops                        = true                           {product lp64_product} {ergonomic}
     bool UseG1GC                                  = true                                      {product} {ergonomic}
     bool UseLargePagesIndividualAllocation        = false                                  {pd product} {ergonomic}

Logging:
Log output configuration:
 #0: stdout all=warning uptime,level,tags foldmultilines=false
 #1: stderr all=off uptime,level,tags foldmultilines=false

Environment Variables:
JAVA_HOME=C:\Users\Admin\Downloads\jdk-21_windows-x64_bin.exe
CLASSPATH=C:\Program Files\Java\jdk-11.0.15.1
PATH=C:\Python313\Scripts\;C:\Python313\;C:\Program Files\Common Files\Oracle\Java\javapath;C:\Program Files (x86)\Common Files\Oracle\Java\java8path;C:\Program Files (x86)\Common Files\Oracle\Java\javapath;C:\Python27\;C:\Python27\Scripts;C:\Program Files\Microsoft MPI\Bin\;C:\Windows\system32;C:\Windows;C:\Windows\System32\Wbem;C:\Windows\System32\WindowsPowerShell\v1.0\;C:\Program Files (x86)\NVIDIA Corporation\PhysX\Common;C:\Windows\TC\bin;C:\WINDOWS\system32;C:\WINDOWS;C:\WINDOWS\System32\Wbem;"C:\WINDOWS\System32\WindowsPowerShell\v1.0\;C:\Program Files\Java\jdk\bin;C:\Program Files\Java\jre\bin;";C:\WINDOWS\System32\WindowsPowerShell\v1.0\;C:\WINDOWS\System32\OpenSSH\;C:\Program Files\Java\jdk1.8.0_171\bin;C:\Program Files\Java\jre1.8.0_171\bin;C:\Program Files (x86)\Microsoft SQL Server\Client SDK\ODBC\130\Tools\Binn\;C:\Program Files (x86)\Microsoft SQL Server\140\Tools\Binn\;C:\Program Files (x86)\Microsoft SQL Server\140\DTS\Binn\;C:\Program Files (x86)\Microsoft SQL Server\140\Tools\Binn\ManagementStudio\;C:\Program Files\Microsoft SQL Server\140\Tools\Binn\;C:\Program Files\Microsoft SQL Server\140\DTS\Binn\;C:\Program Files\Microsoft SQL Server\Client SDK\ODBC\130\Tools\Binn\;C:\Program Files\MATLAB\R2017a\runtime\win64;C:\Program Files\MATLAB\R2017a\bin;D:\MATLAB'19\MYPYTHON;C:\Program Files\PuTTY\;C:\ProgramData\chocolatey\bin;C:\Program Files\Java\jdk1.8.0_211\bin;C:\Program Files\Git\cmd;C:\Program Files\nodejs\;C:\Users\Admin\AppData\Local\Programs\Python\Python39\Scripts\;C:\Users\Admin\AppData\Local\Programs\Python\Python39\;C:\Python\Python38\Scripts\;C:\Python\Python38\;C:\Users\Admin\AppData\Local\Programs\Python\Python37-32\Scripts\;C:\Users\Admin\AppData\Local\Programs\Python\Python37-32\;C:\Users\Admin\AppData\Local\Microsoft\WindowsApps;"C:\Users\Admin\Downloads\jdk-21_windows-x64_bin.exe\bin;";C:\Program Files\Java\jdk-14.0.2\bin;C:\Android\tools\bin\platform-tools;;D:\IntelliJ\IntelliJ IDEA Community Edition 2024.3.5\bin;;C:\Users\Admin\AppData\Roaming\npm
USERNAME=Admin
OS=Windows_NT
PROCESSOR_IDENTIFIER=Intel64 Family 6 Model 142 Stepping 9, GenuineIntel
TMP=C:\Users\Admin\AppData\Local\Temp
TEMP=C:\Users\Admin\AppData\Local\Temp




Periodic native trim disabled

---------------  S Y S T E M  ---------------

OS:
 Windows 10 , 64 bit Build 18362 (10.0.18362.1500)
OS uptime: 0 days 16:00 hours

CPU: total 4 (initial active 4) (2 cores per cpu, 2 threads per core) family 6 model 142 stepping 9 microcode 0xde, cx8, cmov, fxsr, ht, mmx, 3dnowpref, sse, sse2, sse3, ssse3, sse4.1, sse4.2, popcnt, lzcnt, tsc, tscinvbit, avx, avx2, aes, erms, clmul, bmi1, bmi2, adx, fma, vzeroupper, clflush, clflushopt, rdtscp, f16c
Processor Information for all 4 processors :
  Max Mhz: 2712, Current Mhz: 2511, Mhz Limit: 2495

Memory: 4k page, system-wide physical 12162M (78M free)
TotalPageFile size 49026M (AvailPageFile size 0M)
current process WorkingSet (physical memory assigned to process): 118M, peak: 262M
current process commit charge ("private bytes"): 292M, peak: 324M

vm_info: Java HotSpot(TM) 64-Bit Server VM (21.0.6+8-LTS-188) for windows-amd64 JRE (21.0.6+8-LTS-188), built on 2024-12-03T10:50:54Z by "mach5one" with MS VC++ 17.6 (VS2022)

END.
